\BOOKMARK [0][-]{section*.1}{Contents}{}% 1
\BOOKMARK [0][-]{chapter*.2}{Preface}{}% 2
\BOOKMARK [1][-]{section*.3}{What's\040New\040in\040the\040Fifth\040Edition}{chapter*.2}% 3
\BOOKMARK [1][-]{section*.3}{Conventions}{chapter*.2}% 4
\BOOKMARK [1][-]{section*.3}{Publisher\040Notes}{chapter*.2}% 5
\BOOKMARK [0][-]{chapter.1}{What\040is\040Liferay?\040}{}% 6
\BOOKMARK [1][-]{section.1.1}{What\040makes\040Liferay\040Portal\040unique\040}{chapter.1}% 7
\BOOKMARK [1][-]{section.1.2}{Using\040Liferay\040Portal\040as\040a\040content\040management\040system\040}{chapter.1}% 8
\BOOKMARK [1][-]{section.1.3}{Using\040Liferay\040Portal\040as\040a\040collaborative\040platform\040}{chapter.1}% 9
\BOOKMARK [1][-]{section.1.4}{Using\040Liferay\040as\040a\040social\040platform\040}{chapter.1}% 10
\BOOKMARK [1][-]{section.1.5}{Using\040Liferay\040as\040a\040web\040platform\040}{chapter.1}% 11
\BOOKMARK [1][-]{section.1.6}{Extending\040and\040customizing\040Liferay\040for\040your\040own\040needs\040}{chapter.1}% 12
\BOOKMARK [1][-]{section.1.7}{Summary\040}{chapter.1}% 13
\BOOKMARK [0][-]{chapter.2}{Web\040Content\040Management\040}{}% 14
\BOOKMARK [1][-]{section.2.1}{How\040Can\040Liferay's\040WCM\040Help\040You?\040}{chapter.2}% 15
\BOOKMARK [1][-]{section.2.2}{Creating\040sites\040and\040managing\040pages\040}{chapter.2}% 16
\BOOKMARK [1][-]{section.2.3}{Authoring\040\(basic\)\040content\040}{chapter.2}% 17
\BOOKMARK [1][-]{section.2.4}{Publishing\040\(basic\)\040content\040}{chapter.2}% 18
\BOOKMARK [1][-]{section.2.5}{Using\040Liferay's\040workflow\040with\040WCM\040}{chapter.2}% 19
\BOOKMARK [1][-]{section.2.6}{Summary\040}{chapter.2}% 20
\BOOKMARK [0][-]{chapter.3}{Advanced\040Web\040Content\040Management}{}% 21
\BOOKMARK [1][-]{section.3.1}{Advanced\040content\040with\040structures\040and\040templates\040}{chapter.3}% 22
\BOOKMARK [1][-]{section.3.2}{Leveraging\040Liferay's\040multi-site\040capabilities\040}{chapter.3}% 23
\BOOKMARK [1][-]{section.3.3}{Using\040site\040templates\040}{chapter.3}% 24
\BOOKMARK [1][-]{section.3.4}{Using\040page\040templates\040}{chapter.3}% 25
\BOOKMARK [1][-]{section.3.5}{Allowing\040users\040to\040customize\040site\040pages\040}{chapter.3}% 26
\BOOKMARK [1][-]{section.3.6}{Staging\040page\040publication\040}{chapter.3}% 27
\BOOKMARK [1][-]{section.3.7}{Creating\040teams\040for\040advanced\040site\040membership\040management\040}{chapter.3}% 28
\BOOKMARK [1][-]{section.3.8}{Displaying\040site\040pages\040to\040mobile\040devices\040}{chapter.3}% 29
\BOOKMARK [1][-]{section.3.9}{Summary\040}{chapter.3}% 30
\BOOKMARK [0][-]{chapter.4}{Document\040Management\040}{}% 31
\BOOKMARK [1][-]{section.4.1}{Getting\040Started\040with\040Documents\040and\040Media\040}{chapter.4}% 32
\BOOKMARK [1][-]{section.4.2}{Document\040Types\040and\040Metadata\040Sets\040}{chapter.4}% 33
\BOOKMARK [1][-]{section.4.3}{Using\040External\040Repositories\040}{chapter.4}% 34
\BOOKMARK [1][-]{section.4.4}{Microsoft\040Office\040integration\040}{chapter.4}% 35
\BOOKMARK [1][-]{section.4.5}{Configuring\040the\040Documents\040and\040Media\040portlet\040}{chapter.4}% 36
\BOOKMARK [1][-]{section.4.6}{Automatic\040Previews\040and\040metadata\040}{chapter.4}% 37
\BOOKMARK [1][-]{section.4.7}{Liferay\040Sync\040}{chapter.4}% 38
\BOOKMARK [1][-]{section.4.8}{Summary\040}{chapter.4}% 39
\BOOKMARK [0][-]{chapter.5}{Leveraging\040the\040Asset\040Framework}{}% 40
\BOOKMARK [1][-]{section.5.1}{Tagging\040and\040Categorizing\040Content\040}{chapter.5}% 41
\BOOKMARK [1][-]{section.5.2}{Targeted\040Vocabularies\040}{chapter.5}% 42
\BOOKMARK [1][-]{section.5.3}{Using\040Faceted\040Search\040}{chapter.5}% 43
\BOOKMARK [1][-]{section.5.4}{Using\040the\040Asset\040Publisher\040}{chapter.5}% 44
\BOOKMARK [1][-]{section.5.5}{Setting\040up\040Display\040Pages\040}{chapter.5}% 45
\BOOKMARK [1][-]{section.5.6}{Defining\040content\040relationships\040}{chapter.5}% 46
\BOOKMARK [1][-]{section.5.7}{Summary\040}{chapter.5}% 47
\BOOKMARK [0][-]{chapter.6}{Personalization\040and\040Customization}{}% 48
\BOOKMARK [1][-]{section.6.1}{User\040Personal\040Sites\040}{chapter.6}% 49
\BOOKMARK [1][-]{section.6.2}{Page\040Customizations\040}{chapter.6}% 50
\BOOKMARK [1][-]{section.6.3}{Using\040Liferay's\040rules\040engine\040}{chapter.6}% 51
\BOOKMARK [1][-]{section.6.4}{Summary\040}{chapter.6}% 52
\BOOKMARK [0][-]{chapter.7}{Collaboration\040Suite\040}{}% 53
\BOOKMARK [1][-]{section.7.1}{Understanding\040Liferay's\040common\040configuration\040options\040}{chapter.7}% 54
\BOOKMARK [1][-]{section.7.2}{Expressing\040yourself\040using\040Blogs\040}{chapter.7}% 55
\BOOKMARK [1][-]{section.7.3}{Organizing\040and\040sharing\040events\040with\040the\040Calendar\040}{chapter.7}% 56
\BOOKMARK [1][-]{section.7.4}{Discuss,\040ask\040and\040answer\040using\040the\040Message\040Boards\040}{chapter.7}% 57
\BOOKMARK [1][-]{section.7.5}{Working\040together\040with\040the\040Wiki\040}{chapter.7}% 58
\BOOKMARK [1][-]{section.7.6}{Find\040out\040what\040others\040think\040or\040do\040using\040Polls\040}{chapter.7}% 59
\BOOKMARK [1][-]{section.7.7}{Staying\040in\040touch\040with\040the\040Chat\040}{chapter.7}% 60
\BOOKMARK [1][-]{section.7.8}{Integrating\040your\040email\040with\040Liferay\040Mail\040}{chapter.7}% 61
\BOOKMARK [1][-]{section.7.9}{Summary\040}{chapter.7}% 62
\BOOKMARK [0][-]{chapter.8}{Social\040Networking\040}{}% 63
\BOOKMARK [1][-]{section.8.1}{Leveraging\040Social\040Portlets,\040Activities\040Tracking\040and\040User\040Connections\040}{chapter.8}% 64
\BOOKMARK [1][-]{section.8.2}{Measuring\040social\040activity\040}{chapter.8}% 65
\BOOKMARK [1][-]{section.8.3}{Exporting\040portal\040applications\040as\040widgets\040and\040OpenSocial\040gadgets\040}{chapter.8}% 66
\BOOKMARK [1][-]{section.8.4}{Integrating\040with\040Facebook\040}{chapter.8}% 67
\BOOKMARK [1][-]{section.8.5}{Summary\040}{chapter.8}% 68
\BOOKMARK [0][-]{chapter.9}{Using\040Web\040Forms\040and\040Dynamic\040Data\040Lists\040}{}% 69
\BOOKMARK [1][-]{section.9.1}{Building\040a\040list\040platform\040in\040Liferay\040}{chapter.9}% 70
\BOOKMARK [1][-]{section.9.2}{Defining\040data\040types\040}{chapter.9}% 71
\BOOKMARK [1][-]{section.9.3}{Creating\040data\040lists\040}{chapter.9}% 72
\BOOKMARK [1][-]{section.9.4}{Make\040it\040pretty:\040creating\040custom\040displays\040}{chapter.9}% 73
\BOOKMARK [1][-]{section.9.5}{Summary\040}{chapter.9}% 74
\BOOKMARK [0][-]{chapter.10}{Using\040Workflow\040}{}% 75
\BOOKMARK [1][-]{section.10.1}{Enabling\040workflow\040}{chapter.10}% 76
\BOOKMARK [1][-]{section.10.2}{Creating\040new\040workflow\040definitions\040}{chapter.10}% 77
\BOOKMARK [1][-]{section.10.3}{Timers}{chapter.10}% 78
\BOOKMARK [1][-]{section.10.4}{Configuring\040assets\040to\040use\040workflow\040process\040definitions\040}{chapter.10}% 79
\BOOKMARK [1][-]{section.10.5}{Using\040workflow\040with\040other\040applications\040}{chapter.10}% 80
\BOOKMARK [1][-]{section.10.6}{Summary\040}{chapter.10}% 81
\BOOKMARK [0][-]{chapter.11}{Kaleo\040Forms:\040Defining\040Business\040Processes\040}{}% 82
\BOOKMARK [1][-]{section.11.1}{Kaleo\040Forms\040}{chapter.11}% 83
\BOOKMARK [1][-]{section.11.2}{Kaleo\040Designer\040}{chapter.11}% 84
\BOOKMARK [1][-]{section.11.3}{Summary\040}{chapter.11}% 85
\BOOKMARK [0][-]{chapter.12}{Liferay\040Utility\040Applications\040}{}% 86
\BOOKMARK [1][-]{section.12.1}{Capturing\040Web\040Sites\040with\040the\040Bookmarks\040Portlet\040}{chapter.12}% 87
\BOOKMARK [1][-]{section.12.2}{Creating\040Your\040Own\040Plugin\040Repository\040}{chapter.12}% 88
\BOOKMARK [1][-]{section.12.3}{Shopping\040}{chapter.12}% 89
\BOOKMARK [1][-]{section.12.4}{Knowledge\040Base\040}{chapter.12}% 90
\BOOKMARK [1][-]{section.12.5}{Summary\040}{chapter.12}% 91
\BOOKMARK [0][-]{chapter.13}{Leveraging\040the\040Liferay\040Marketplace\040}{}% 92
\BOOKMARK [1][-]{section.13.1}{Marketplace\040Concepts:\040Users,\040Companies,\040and\040Apps\040}{chapter.13}% 93
\BOOKMARK [1][-]{section.13.2}{Accessing\040the\040Liferay\040Marketplace\040}{chapter.13}% 94
\BOOKMARK [1][-]{section.13.3}{Finding\040Apps\040}{chapter.13}% 95
\BOOKMARK [1][-]{section.13.4}{Downloading\040and\040Installing\040Apps\040}{chapter.13}% 96
\BOOKMARK [1][-]{section.13.5}{Creating\040and\040Uploading\040Apps\040}{chapter.13}% 97
\BOOKMARK [1][-]{section.13.6}{Plugin\040Management\040}{chapter.13}% 98
\BOOKMARK [1][-]{section.13.7}{Summary\040}{chapter.13}% 99
\BOOKMARK [0][-]{chapter.14}{Installation\040and\040Setup\040}{}% 100
\BOOKMARK [1][-]{section.14.1}{Editions\040of\040Liferay\040}{chapter.14}% 101
\BOOKMARK [1][-]{section.14.2}{Obtaining\040Liferay\040Portal\040}{chapter.14}% 102
\BOOKMARK [1][-]{section.14.3}{Installing\040a\040bundle\040}{chapter.14}% 103
\BOOKMARK [1][-]{section.14.4}{App\040servers\040}{chapter.14}% 104
\BOOKMARK [1][-]{section.14.5}{Using\040Liferay's\040setup\040wizard\040}{chapter.14}% 105
\BOOKMARK [1][-]{section.14.6}{Manual\040Configuration\040}{chapter.14}% 106
\BOOKMARK [1][-]{section.14.7}{Installing\040Liferay\040on\040an\040existing\040application\040server\040}{chapter.14}% 107
\BOOKMARK [1][-]{section.14.8}{Installing\040Liferay\040on\040Mule\040Tcat\040}{chapter.14}% 108
\BOOKMARK [1][-]{section.14.9}{Installing\040Liferay\040on\040GlassFish\0403\040}{chapter.14}% 109
\BOOKMARK [1][-]{section.14.10}{Installing\040Liferay\040on\040Jetty\0407\040}{chapter.14}% 110
\BOOKMARK [1][-]{section.14.11}{Installing\040Liferay\040on\040JBoss\0405.1\040}{chapter.14}% 111
\BOOKMARK [1][-]{section.14.12}{Installing\040Liferay\040on\040JBoss\0407\040}{chapter.14}% 112
\BOOKMARK [1][-]{section.14.13}{Installing\040Liferay\040on\040JOnAS\0405.2\040}{chapter.14}% 113
\BOOKMARK [1][-]{section.14.14}{Installing\040Liferay\040on\040Resin\0404\040}{chapter.14}% 114
\BOOKMARK [1][-]{section.14.15}{Installing\040Liferay\040on\040Tomcat\0407\040}{chapter.14}% 115
\BOOKMARK [1][-]{section.14.16}{Installing\040Liferay\040on\040WebLogic\04010\040}{chapter.14}% 116
\BOOKMARK [1][-]{section.14.17}{Installing\040Liferay\040on\040Oracle\040WebLogic\04010.3\040}{chapter.14}% 117
\BOOKMARK [1][-]{section.14.18}{Installing\040Liferay\040on\040WebSphere\0408.0\040}{chapter.14}% 118
\BOOKMARK [1][-]{section.14.19}{Making\040Liferay\040Coexist\040with\040Other\040Java\040EE\040Applications\040}{chapter.14}% 119
\BOOKMARK [1][-]{section.14.20}{Summary\040}{chapter.14}% 120
\BOOKMARK [0][-]{chapter.15}{Management\040}{}% 121
\BOOKMARK [1][-]{section.15.1}{Managing\040Users\040}{chapter.15}% 122
\BOOKMARK [1][-]{section.15.2}{Adding\040users\040}{chapter.15}% 123
\BOOKMARK [1][-]{section.15.3}{User\040management\040}{chapter.15}% 124
\BOOKMARK [1][-]{section.15.4}{User\040Groups\040}{chapter.15}% 125
\BOOKMARK [1][-]{section.15.5}{Roles\040and\040Permissions\040}{chapter.15}% 126
\BOOKMARK [1][-]{section.15.6}{Managing\040Portal\040Settings\040}{chapter.15}% 127
\BOOKMARK [1][-]{section.15.7}{Integrating\040Liferay\040users\040into\040your\040enterprise\040}{chapter.15}% 128
\BOOKMARK [1][-]{section.15.8}{Summary\040}{chapter.15}% 129
\BOOKMARK [0][-]{chapter.16}{Using\040the\040Control\040Panel\040}{}% 130
\BOOKMARK [1][-]{section.16.1}{Custom\040Fields}{chapter.16}% 131
\BOOKMARK [1][-]{section.16.2}{Monitoring\040}{chapter.16}% 132
\BOOKMARK [1][-]{section.16.3}{Plugins\040Configuration\040}{chapter.16}% 133
\BOOKMARK [1][-]{section.16.4}{Server\040Administration\040}{chapter.16}% 134
\BOOKMARK [1][-]{section.16.5}{Portal\040Instances\040}{chapter.16}% 135
\BOOKMARK [1][-]{section.16.6}{Plugins\040Installation\040}{chapter.16}% 136
\BOOKMARK [1][-]{section.16.7}{Summary\040}{chapter.16}% 137
\BOOKMARK [0][-]{chapter.17}{Advanced\040Portal\040Operation\040}{}% 138
\BOOKMARK [1][-]{section.17.1}{Audit\040Trails\040}{chapter.17}% 139
\BOOKMARK [1][-]{section.17.2}{Liferay\040monitoring\040using\040Google\040Analytics\040}{chapter.17}% 140
\BOOKMARK [1][-]{section.17.3}{Backing\040up\040a\040Liferay\040installation\040}{chapter.17}% 141
\BOOKMARK [1][-]{section.17.4}{Liferay's\040Logging\040System\040}{chapter.17}% 142
\BOOKMARK [1][-]{section.17.5}{Patching\040Liferay\040}{chapter.17}% 143
\BOOKMARK [1][-]{section.17.6}{Upgrading\040Liferay\040}{chapter.17}% 144
\BOOKMARK [1][-]{section.17.7}{Summary\040}{chapter.17}% 145
\BOOKMARK [0][-]{chapter.18}{Using\040Scripting\040for\040Advanced\040Flexibility}{}% 146
\BOOKMARK [1][-]{section.18.1}{Accessing\040Liferay\040Services\040}{chapter.18}% 147
\BOOKMARK [1][-]{section.18.2}{Running\040scripts\040from\040the\040control\040panel\040}{chapter.18}% 148
\BOOKMARK [1][-]{section.18.3}{Leveraging\040the\040Script\040Engine\040in\040Workflow\040}{chapter.18}% 149
\BOOKMARK [1][-]{section.18.4}{Custom\040Java\040Tools\040in\040the\040Script\040Engine\040}{chapter.18}% 150
\BOOKMARK [1][-]{section.18.5}{Summary\040}{chapter.18}% 151
\BOOKMARK [0][-]{chapter.19}{Configuring\040Liferay\040for\040High\040Availability}{}% 152
\BOOKMARK [1][-]{section.19.1}{Liferay\040Clustering\040}{chapter.19}% 153
\BOOKMARK [1][-]{section.19.2}{Performance\040Tuning\040}{chapter.19}% 154
\BOOKMARK [1][-]{section.19.3}{Summary\040}{chapter.19}% 155
