This is XeTeX, Version 3.14159265-2.6-0.99991 (TeX Live 2014/Arch Linux) (preloaded format=xelatex 2014.10.27)  5 NOV 2014 15:59
entering extended mode
 restricted \write18 enabled.
 %&-line parsing enabled.
**01-using.tex
(./01-using.tex
LaTeX2e <2014/05/01>
Babel <3.9k> and hyphenation patterns for 79 languages loaded.
(/usr/share/texmf-dist/tex/latex/memoir/memoir.cls
Document Class: memoir 2013/05/30 v3.7b configurable book, report, article docu
ment class
\onelineskip=\skip41
\lxvchars=\skip42
\xlvchars=\skip43
\@memcnta=\count80
\c@@memmarkcntra=\count81
(/usr/share/texmf-dist/tex/generic/oberdiek/ifpdf.sty
Package: ifpdf 2011/01/30 v2.3 Provides the ifpdf switch (HO)
Package ifpdf Info: pdfTeX in PDF mode is not detected.
)
(/usr/share/texmf-dist/tex/latex/ifetex/ifetex.sty
Package: ifetex 2011/12/15 v1.2 ifetex

(/usr/share/texmf-dist/tex/plain/ifetex/ifetex.tex))
(/usr/share/texmf-dist/tex/generic/ifxetex/ifxetex.sty
Package: ifxetex 2010/09/12 v0.6 Provides ifxetex conditional
)
(/usr/share/texmf-dist/tex/generic/oberdiek/ifluatex.sty
Package: ifluatex 2010/03/01 v1.3 Provides the ifluatex switch (HO)
Package ifluatex Info: LuaTeX not detected.
)
\stockheight=\skip44
\stockwidth=\skip45
\trimtop=\skip46
\trimedge=\skip47

(/usr/share/texmf-dist/tex/latex/etex-pkg/etex.sty
Package: etex 1998/03/26 v2.0 eTeX basic definition package (PEB)
\et@xins=\count82
)
(/usr/share/texmf-dist/tex/latex/memoir/mem9.clo
File: mem9.clo 2008/01/30 v0.4 memoir class 9pt size option
)
\binding=\skip48
\spinemargin=\skip49
\foremargin=\skip50
\uppermargin=\skip51
\lowermargin=\skip52
\headdrop=\skip53
\normalrulethickness=\skip54
\mem@maxheadheight=\skip55
\mem@maxfootheight=\skip56
\headwidth=\skip57
\c@storedpagenumber=\count83
\memPD=\dimen102
\m@mabparskip=\skip58
\thanksmarkwidth=\skip59
\thanksmarksep=\skip60
\droptitle=\skip61
\c@book=\count84
\c@part=\count85
\c@chapter=\count86
\c@section=\count87
\c@subsection=\count88
\c@subsubsection=\count89
\c@paragraph=\count90
\c@subparagraph=\count91
\beforechapskip=\skip62
\midchapskip=\skip63
\afterchapskip=\skip64
\chapindent=\skip65
\bottomsectionskip=\skip66
\secindent=\skip67
\beforesecskip=\skip68
\aftersecskip=\skip69
\subsecindent=\skip70
\beforesubsecskip=\skip71
\aftersubsecskip=\skip72
\subsubsecindent=\skip73
\beforesubsubsecskip=\skip74
\aftersubsubsecskip=\skip75
\paraindent=\skip76
\beforeparaskip=\skip77
\afterparaskip=\skip78
\subparaindent=\skip79
\beforesubparaskip=\skip80
\aftersubparaskip=\skip81
\pfbreakskip=\skip82
\c@@ppsavesec=\count92
\c@@ppsaveapp=\count93
\ragrparindent=\dimen103
\everylistparindent=\dimen104
\parsepi=\skip83
\topsepi=\skip84
\itemsepi=\skip85
\parsepii=\skip86
\topsepii=\skip87
\topsepiii=\skip88
\itemsepii=\skip89
\itemsepiii=\skip90
\partopsepii=\skip91
\partopsepiii=\skip92
\m@msavetopsep=\skip93
\m@msavepartopsep=\skip94
\@enLab=\toks14
\abstitleskip=\skip95
\absleftindent=\skip96
\abs@leftindent=\dimen105
\absrightindent=\skip97
\absparindent=\skip98
\absparsep=\skip99
\c@vslineno=\count94
\c@poemline=\count95
\c@modulo@vs=\count96
\c@memfvsline=\count97
\vleftskip=\skip100
\vrightskip=\skip101
\stanzaskip=\skip102
\versewidth=\skip103
\vgap=\skip104
\vindent=\skip105
\vleftmargin=\dimen106
\c@verse=\count98
\c@chrsinstr=\count99
\beforepoemtitleskip=\skip106
\afterpoemtitleskip=\skip107
\c@poem=\count100
\beforePoemTitleskip=\skip108
\midPoemTitleskip=\skip109
\afterPoemTitleskip=\skip110
\col@sep=\dimen107
\extrarowheight=\dimen108
\NC@list=\toks15
\extratabsurround=\skip111
\backup@length=\skip112
\TX@col@width=\dimen109
\TX@old@table=\dimen110
\TX@old@col=\dimen111
\TX@target=\dimen112
\TX@delta=\dimen113
\TX@cols=\count101
\TX@ftn=\toks16
\heavyrulewidth=\dimen114
\lightrulewidth=\dimen115
\cmidrulewidth=\dimen116
\belowrulesep=\dimen117
\belowbottomsep=\dimen118
\aboverulesep=\dimen119
\abovetopsep=\dimen120
\cmidrulesep=\dimen121
\cmidrulekern=\dimen122
\defaultaddspace=\dimen123
\@cmidla=\count102
\@cmidlb=\count103
\@aboverulesep=\dimen124
\@belowrulesep=\dimen125
\@thisruleclass=\count104
\@lastruleclass=\count105
\@thisrulewidth=\dimen126
\ctableftskip=\skip113
\ctabrightskip=\skip114
\abovecolumnspenalty=\count106
\@linestogo=\count107
\@cellstogo=\count108
\@cellsincolumn=\count109
\crtok=\toks17
\@mincolumnwidth=\dimen127
\c@newflo@tctr=\count110
\mem@margin@floatbox=\box26
\@contcwidth=\skip115
\@contindw=\skip116
\abovecaptionskip=\skip117
\belowcaptionskip=\skip118
\subfloattopskip=\skip119
\subfloatcapskip=\skip120
\subfloatcaptopadj=\skip121
\subfloatbottomskip=\skip122
\subfloatlabelskip=\skip123
\subfloatcapmargin=\dimen128
\c@@contsubnum=\count111
\m@mscap@capbox=\box27
\m@mscap@fbox=\box28
\sidecapsep=\dimen129
\sidecapwidth=\dimen130
\m@m@tempdima=\dimen131
\m@mscapraise=\dimen132
\sidecapraise=\dimen133
\m@mscapmainwidth=\dimen134
\m@mscaplkern=\dimen135
\beforeepigraphskip=\skip124
\afterepigraphskip=\skip125
\epigraphwidth=\skip126
\epigraphrule=\skip127
LaTeX Info: Redefining \em on input line 7492.
LaTeX Info: Redefining \emph on input line 7500.
\tocentryskip=\skip128
\tocbaseline=\skip129
\cftparskip=\skip130
\cftbeforebookskip=\skip131
\cftbookindent=\dimen136
\cftbooknumwidth=\dimen137
\cftbeforepartskip=\skip132
\cftpartindent=\skip133
\cftpartnumwidth=\skip134
\cftbeforechapterskip=\skip135
\cftchapterindent=\skip136
\cftchapternumwidth=\skip137
\cftbeforesectionskip=\skip138
\cftsectionindent=\skip139
\cftsectionnumwidth=\skip140
\cftbeforesubsectionskip=\skip141
\cftsubsectionindent=\skip142
\cftsubsectionnumwidth=\skip143
\cftbeforesubsubsectionskip=\skip144
\cftsubsubsectionindent=\skip145
\cftsubsubsectionnumwidth=\skip146
\cftbeforeparagraphskip=\skip147
\cftparagraphindent=\skip148
\cftparagraphnumwidth=\skip149
\cftbeforesubparagraphskip=\skip150
\cftsubparagraphindent=\skip151
\cftsubparagraphnumwidth=\skip152
\prechapterprecisshift=\dimen138
\c@maxsecnumdepth=\count112
\bibindent=\dimen139
\bibitemsep=\skip153
\indexcolsep=\skip154
\indexrule=\skip155
\indexmarkstyle=\toks18
\@indexbox=\insert233
\glossarycolsep=\dimen140
\glossaryrule=\dimen141
\sideparvshift=\skip156
\sideins=\insert232
\sidebartopsep=\skip157
\sidebarhsep=\skip158
\sidebarvsep=\skip159
\sidebarwidth=\skip160
\footmarkwidth=\skip161
\footmarksep=\skip162
\footparindent=\skip163
\footinsdim=\skip164
\footinsv@r=\insert231
\@mpfootinsv@r=\insert230
\m@m@k=\count113
\m@m@h=\dimen142
\m@mipn@skip=\skip165
\sidefootins=\insert229
\sidefootadjust=\skip166
\sidefootheight=\skip167
\sidefoothsep=\skip168
\sidefootvsep=\skip169
\sidefootwidth=\skip170
\m@mdownsf=\skip171
\c@sidefootnote=\count114
\sidefootmarkwidth=\skip172
\sidefootmarksep=\skip173
\sidefootparindent=\skip174
\c@pagenote=\count115
\c@pagenoteshadow=\count116
\mem@pn@lastkern=\skip175
\every@verbatim=\toks19
\afterevery@verbatim=\toks20
\verbatim@line=\toks21
\tab@position=\count117
\verbatim@in@stream=\read1
\verbatimindent=\skip176
\verbatim@out=\write3
\bvboxsep=\skip177
\c@memfbvline=\count118
\c@bvlinectr=\count119
\bvnumlength=\skip178
\fb@frw=\dimen143
\fb@frh=\dimen144
\FrameRule=\dimen145
\FrameSep=\dimen146
\c@cp@cntr=\count120
LaTeX Info: Redefining \: on input line 11958.
LaTeX Info: Redefining \! on input line 11960.
\c@ism@mctr=\count121
\c@xsm@mctr=\count122
\c@csm@mctr=\count123
\c@ksm@mctr=\count124
\c@xksm@mctr=\count125
\c@cksm@mctr=\count126
\c@msm@mctr=\count127
\c@xmsm@mctr=\count128
\c@cmsm@mctr=\count129
\c@bsm@mctr=\count130
\c@workm@mctr=\count131
\c@sheetsequence=\count132
\c@lastsheet=\count133
\c@lastpage=\count134
\c@figure=\count135
\c@lofdepth=\count136
\cftbeforefigureskip=\skip179
\cftfigureindent=\skip180
\cftfigurenumwidth=\skip181
\c@table=\count137
\c@lotdepth=\count138
\cftbeforetableskip=\skip182
\cfttableindent=\skip183
\cfttablenumwidth=\skip184
Package abstract [2008/07/23] emulated by memoir.
Package appendix [2008/07/23] emulated by memoir.
Package array [2008/09/09] emulated by memoir.
Package booktabs [2008/07/23] emulated by memoir.
Package ccaption [2008/07/23] emulated by memoir.
Package changepage [2008/07/23] emulated by memoir.
Package chngcntr [2008/07/23] emulated by memoir.
Package chngpage [2008/07/23] emulated by memoir.
Package crop emulated by memoir.
Package dcolumn [2008/07/23] emulated by memoir.
Package delarray [2008/07/23] emulated by memoir.
Package enumerate [2008/07/23] emulated by memoir.
Package epigraph [2008/07/23] emulated by memoir.
Package ifmtarg [2008/07/23] emulated by memoir.
Package index [2008/07/23] emulated by memoir.
Package makeidx [2008/07/23] emulated by memoir.
Package moreverb [2008/07/23] emulated by memoir.
Package mparhack [2008/07/23] emulated by memoir.
Package needspace [2008/07/23] emulated by memoir.
Package newfile [2008/07/23] emulated by memoir.
Package nextpage [2008/07/23] emulated by memoir.
Package pagenote [2008/07/23] emulated by memoir.
Package parskip [2008/07/23] emulated by memoir.
Package patchcmd [2008/07/23] emulated by memoir.
Package setspace [2008/07/23] emulated by memoir.
Package shortvrb [2008/07/23] emulated by memoir.
Package showidx [2008/07/23] emulated by memoir.
Package tabularx [2008/07/23] emulated by memoir.
Package titleref [2008/07/23] emulated by memoir.
Package titling [2008/07/23] emulated by memoir.
Package tocbibind [2008/07/23] emulated by memoir.
Package tocloft [2008/07/23] emulated by memoir.
Package tocvsec2 [2008/07/23] emulated by memoir.
Package verbatim [2008/07/23] emulated by memoir.
Package verse [2008/07/23] emulated by memoir.

(/usr/share/texmf-dist/tex/latex/memoir/mempatch.sty
Package: mempatch 2009/07/24 v6.0f Patches for memoir class v1.6180339
))
(/usr/share/texmf-dist/tex/latex/ucs/ucs.sty
Package: ucs 2013/05/11 v2.2 UCS: Unicode input support

(/usr/share/texmf-dist/tex/latex/ucs/data/uni-global.def
File: uni-global.def 2013/05/13 UCS: Unicode global data
)
\uc@secondtry=\count139
\uc@combtoks=\toks22
\uc@combtoksb=\toks23
\uc@temptokena=\toks24
)
(/usr/share/texmf-dist/tex/generic/babel/babel.sty
Package: babel 2014/03/24 3.9k The Babel package

(/usr/share/texmf-dist/tex/generic/babel-english/english.ldf
Language: english 2012/08/20 v3.3p English support from the babel system

(/usr/share/texmf-dist/tex/generic/babel/babel.def
File: babel.def 2014/03/24 3.9k Babel common definitions
\babel@savecnt=\count140
\U@D=\dimen147

(/usr/share/texmf-dist/tex/generic/babel/xebabel.def))
\l@canadian = a dialect from \language\l@american 
\l@australian = a dialect from \language\l@british 
\l@newzealand = a dialect from \language\l@british 
))
(/usr/share/texmf-dist/tex/latex/fontspec/fontspec.sty
Package: fontspec 2014/06/21 v2.4a Font selection for XeLaTeX and LuaLaTeX

(/usr/share/texmf-dist/tex/latex/l3kernel/expl3.sty
Package: expl3 2014/07/20 v5241 L3 programming layer (loader) 

(/usr/share/texmf-dist/tex/latex/l3kernel/expl3-code.tex
Package: expl3 2014/07/20 v5241 L3 programming layer (code) 
L3 Module: l3bootstrap 2014/05/26 v4889 L3 Bootstrap code
L3 Module: l3names 2014/06/02 v4993 L3 Namespace for primitives
L3 Module: l3basics 2014/07/09 v5187 L3 Basic definitions
L3 Module: l3expan 2014/06/16 v5146 L3 Argument expansion
L3 Module: l3tl 2014/07/17 v5214 L3 Token lists
L3 Module: l3str 2014/06/19 v5158 L3 Strings
L3 Module: l3seq 2014/07/18 v5232 L3 Sequences and stacks
L3 Module: l3int 2014/07/11 v5197 L3 Integers
\c_max_int=\count141
\l_tmpa_int=\count142
\l_tmpb_int=\count143
\g_tmpa_int=\count144
\g_tmpb_int=\count145
L3 Module: l3quark 2014/05/26 v4889 L3 Quarks
L3 Module: l3prg 2014/05/04 v4728 L3 Control structures
\g__prg_map_int=\count146
L3 Module: l3clist 2014/07/19 v5237 L3 Comma separated lists
L3 Module: l3token 2014/05/26 v4889 L3 Experimental token manipulation
L3 Module: l3prop 2014/07/17 v5215 L3 Property lists
L3 Module: l3msg 2014/05/30 v4943 L3 Messages
L3 Module: l3file 2014/07/09 v5188 L3 File and I/O operations
\l_iow_line_count_int=\count147
\l__iow_target_count_int=\count148
\l__iow_current_line_int=\count149
\l__iow_current_word_int=\count150
\l__iow_current_indentation_int=\count151
L3 Module: l3skip 2014/07/17 v5211 L3 Dimensions and skips
\c_zero_dim=\dimen148
\c_max_dim=\dimen149
\l_tmpa_dim=\dimen150
\l_tmpb_dim=\dimen151
\g_tmpa_dim=\dimen152
\g_tmpb_dim=\dimen153
\c_zero_skip=\skip185
\c_max_skip=\skip186
\l_tmpa_skip=\skip187
\l_tmpb_skip=\skip188
\g_tmpa_skip=\skip189
\g_tmpb_skip=\skip190
\c_zero_muskip=\muskip10
\c_max_muskip=\muskip11
\l_tmpa_muskip=\muskip12
\l_tmpb_muskip=\muskip13
\g_tmpa_muskip=\muskip14
\g_tmpb_muskip=\muskip15
L3 Module: l3keys 2014/06/12 v5121 L3 Key-value interfaces
\g__keyval_level_int=\count152
\l_keys_choice_int=\count153
L3 Module: l3fp 2014/07/18 v5223 L3 Floating points
\c__fp_leading_shift_int=\count154
\c__fp_middle_shift_int=\count155
\c__fp_trailing_shift_int=\count156
\c__fp_big_leading_shift_int=\count157
\c__fp_big_middle_shift_int=\count158
\c__fp_big_trailing_shift_int=\count159
\c__fp_Bigg_leading_shift_int=\count160
\c__fp_Bigg_middle_shift_int=\count161
\c__fp_Bigg_trailing_shift_int=\count162
L3 Module: l3box 2014/05/31 v4974 L3 Experimental boxes
\c_empty_box=\box29
\l_tmpa_box=\box30
\l_tmpb_box=\box31
\g_tmpa_box=\box32
\g_tmpb_box=\box33
L3 Module: l3coffins 2014/05/28 v4899 L3 Coffin code layer
\l__coffin_internal_box=\box34
\l__coffin_internal_dim=\dimen154
\l__coffin_offset_x_dim=\dimen155
\l__coffin_offset_y_dim=\dimen156
\l__coffin_x_dim=\dimen157
\l__coffin_y_dim=\dimen158
\l__coffin_x_prime_dim=\dimen159
\l__coffin_y_prime_dim=\dimen160
\c_empty_coffin=\box35
\l__coffin_aligned_coffin=\box36
\l__coffin_aligned_internal_coffin=\box37
\l_tmpa_coffin=\box38
\l_tmpb_coffin=\box39
\l__coffin_display_coffin=\box40
\l__coffin_display_coord_coffin=\box41
\l__coffin_display_pole_coffin=\box42
\l__coffin_display_offset_dim=\dimen161
\l__coffin_display_x_dim=\dimen162
\l__coffin_display_y_dim=\dimen163
L3 Module: l3color 2014/04/30 v4712 L3 Experimental color support
L3 Module: l3candidates 2014/07/18 v5232 L3 Experimental additions to l3kernel
\l__box_top_dim=\dimen164
\l__box_bottom_dim=\dimen165
\l__box_left_dim=\dimen166
\l__box_right_dim=\dimen167
\l__box_top_new_dim=\dimen168
\l__box_bottom_new_dim=\dimen169
\l__box_left_new_dim=\dimen170
\l__box_right_new_dim=\dimen171
\l__box_internal_box=\box43
\l__coffin_bounding_shift_dim=\dimen172
\l__coffin_left_corner_dim=\dimen173
\l__coffin_right_corner_dim=\dimen174
\l__coffin_bottom_corner_dim=\dimen175
\l__coffin_top_corner_dim=\dimen176
\l__coffin_scaled_total_height_dim=\dimen177
\l__coffin_scaled_width_dim=\dimen178
)
(/usr/share/texmf-dist/tex/latex/l3kernel/l3unicode-data.def
File: l3unicode-data.def 2014/06/30 v5166 L3 Unicode data
)
(/usr/share/texmf-dist/tex/latex/l3kernel/l3xdvipdfmx.def
File: l3xdvidpfmx.def 2014/07/18 v5232 L3 Experimental driver: xdvipdfmx
))
(/usr/share/texmf-dist/tex/latex/l3packages/xparse/xparse.sty
Package: xparse 2014/07/20 v5241 L3 Experimental document command parser
\l__xparse_current_arg_int=\count163
\l__xparse_m_args_int=\count164
\l__xparse_mandatory_args_int=\count165
\l__xparse_processor_int=\count166
\l__xparse_v_nesting_int=\count167
)
\l_fontspec_script_int=\count168
\l_fontspec_language_int=\count169
\l_fontspec_strnum_int=\count170
\l__fontspec_tmpa_dim=\dimen179
\l__fontspec_tmpb_dim=\dimen180
\l__fontspec_tmpc_dim=\dimen181
Variant \tl_gset:cV already defined; not changing it on line 71

(/usr/share/texmf-dist/tex/latex/fontspec/fontspec-patches.sty
Package: fontspec-patches 2014/06/21 v2.4a Font selection for XeLaTeX and LuaLa
TeX
LaTeX Info: Redefining \em on input line 38.
LaTeX Info: Redefining \emph on input line 46.
LaTeX Info: Redefining \- on input line 49.

*************************************************
* LaTeX warning: "xparse/redefine-command"
* 
* Redefining document command \oldstylenums with arg. spec. 'm' on line 144.
*************************************************
.................................................
. LaTeX info: "xparse/define-command"
. 
. Defining document command \liningnums with arg. spec. 'm' on line 148.
.................................................
) (/usr/share/texmf-dist/tex/latex/fontspec/fontspec-xetex.sty
Package: fontspec-xetex 2014/06/21 v2.4a Font selection for XeLaTeX and LuaLaTe
X

(/usr/share/texmf-dist/tex/latex/base/fontenc.sty
Package: fontenc 2005/09/27 v1.99g Standard LaTeX package

(/usr/share/texmf-dist/tex/latex/euenc/eu1enc.def
File: eu1enc.def 2010/05/27 v0.1h Experimental Unicode font encodings
)
LaTeX Font Info:    Try loading font information for EU1+lmr on input line 100.


(/usr/share/texmf-dist/tex/latex/euenc/eu1lmr.fd
File: eu1lmr.fd 2009/10/30 v1.6 Font defs for Latin Modern
))
(/usr/share/texmf-dist/tex/xelatex/xunicode/xunicode.sty
File: xunicode.sty 2011/09/09 v0.981 provides access to latin accents and many 
other characters in Unicode lower plane

(/usr/share/texmf-dist/tex/latex/tipa/t3enc.def
File: t3enc.def 2001/12/31 T3 encoding
LaTeX Font Info:    Try loading font information for EU1+lmss on input line 357
.

(/usr/share/texmf-dist/tex/latex/euenc/eu1lmss.fd
File: eu1lmss.fd 2009/10/30 v1.6 Font defs for Latin Modern
))
\tipaTiiicode=\count171
\tipasavetokens=\toks25
\tipachecktokens=\toks26

(/usr/share/texmf-dist/tex/latex/graphics/graphicx.sty
Package: graphicx 2014/04/25 v1.0g Enhanced LaTeX Graphics (DPC,SPQR)

(/usr/share/texmf-dist/tex/latex/graphics/keyval.sty
Package: keyval 2014/05/08 v1.15 key=value parser (DPC)
\KV@toks@=\toks27
)
(/usr/share/texmf-dist/tex/latex/graphics/graphics.sty
Package: graphics 2009/02/05 v1.0o Standard LaTeX Graphics (DPC,SPQR)

(/usr/share/texmf-dist/tex/latex/graphics/trig.sty
Package: trig 1999/03/16 v1.09 sin cos tan (DPC)
)
(/usr/share/texmf-dist/tex/latex/latexconfig/graphics.cfg
File: graphics.cfg 2010/04/23 v1.9 graphics configuration of TeX Live
)
Package graphics Info: Driver file: xetex.def on input line 91.

(/usr/share/texmf-dist/tex/xelatex/xetex-def/xetex.def
File: xetex.def 2014/07/25 v4.03 LaTeX color/graphics driver for XeTeX (RRM/JK)

))
\Gin@req@height=\dimen182
\Gin@req@width=\dimen183
))
.................................................
. LaTeX info: "xparse/define-command"
. 
. Defining document command \fontspec with arg. spec. 'O{}mO{}' on line 41.
.................................................
.................................................
. LaTeX info: "xparse/define-command"
. 
. Defining document command \setmainfont with arg. spec. 'O{}mO{}' on line 47.
.................................................
.................................................
. LaTeX info: "xparse/define-command"
. 
. Defining document command \setsansfont with arg. spec. 'O{}mO{}' on line 53.
.................................................
.................................................
. LaTeX info: "xparse/define-command"
. 
. Defining document command \setmonofont with arg. spec. 'O{}mO{}' on line 59.
.................................................
.................................................
. LaTeX info: "xparse/define-command"
. 
. Defining document command \setmathrm with arg. spec. 'O{}mO{}' on line 68.
.................................................
.................................................
. LaTeX info: "xparse/define-command"
. 
. Defining document command \setboldmathrm with arg. spec. 'O{}mO{}' on line
. 72.
.................................................
.................................................
. LaTeX info: "xparse/define-command"
. 
. Defining document command \setmathsf with arg. spec. 'O{}mO{}' on line 76.
.................................................
.................................................
. LaTeX info: "xparse/define-command"
. 
. Defining document command \setmathtt with arg. spec. 'O{}mO{}' on line 80.
.................................................
.................................................
. LaTeX info: "xparse/define-command"
. 
. Defining document command \newfontfamily with arg. spec. 'mO{}mO{}' on line
. 99.
.................................................
.................................................
. LaTeX info: "xparse/define-command"
. 
. Defining document command \newfontface with arg. spec. 'mO{}mO{}' on line
. 103.
.................................................
.................................................
. LaTeX info: "xparse/define-command"
. 
. Defining document command \defaultfontfeatures with arg. spec. 't+om' on
. line 112.
.................................................
.................................................
. LaTeX info: "xparse/define-command"
. 
. Defining document command \addfontfeatures with arg. spec. 'm' on line 170.
.................................................
.................................................
. LaTeX info: "xparse/define-command"
. 
. Defining document command \newfontfeature with arg. spec. 'mm' on line 181.
.................................................
.................................................
. LaTeX info: "xparse/define-command"
. 
. Defining document command \newAATfeature with arg. spec. 'mmmm' on line 189.
.................................................
.................................................
. LaTeX info: "xparse/define-command"
. 
. Defining document command \newopentypefeature with arg. spec. 'mmm' on line
. 197.
.................................................
.................................................
. LaTeX info: "xparse/define-command"
. 
. Defining document command \aliasfontfeature with arg. spec. 'mm' on line
. 226.
.................................................
.................................................
. LaTeX info: "xparse/define-command"
. 
. Defining document command \aliasfontfeatureoption with arg. spec. 'mmm' on
. line 228.
.................................................
.................................................
. LaTeX info: "xparse/define-command"
. 
. Defining document command \newfontscript with arg. spec. 'mm' on line 233.
.................................................
.................................................
. LaTeX info: "xparse/define-command"
. 
. Defining document command \newfontlanguage with arg. spec. 'mm' on line 259.
.................................................
.................................................
. LaTeX info: "xparse/define-command"
. 
. Defining document command \DeclareFontsExtensions with arg. spec. 'm' on
. line 279.
.................................................
Variant \prop_gput:cnV already defined; not changing it on line 662
Variant \prop_gput:cnx already defined; not changing it on line 663
\l__fontspec_tmp_int=\count172
LaTeX Info: Redefining \itshape on input line 2193.
LaTeX Info: Redefining \slshape on input line 2198.
LaTeX Info: Redefining \scshape on input line 2203.
LaTeX Info: Redefining \upshape on input line 2208.

(/usr/share/texmf-dist/tex/latex/fontspec/fontspec.cfg)))
(/usr/share/texmf-dist/tex/latex/tools/calc.sty
Package: calc 2007/08/22 v4.3 Infix arithmetic (KKT,FJ)
\calc@Acount=\count173
\calc@Bcount=\count174
\calc@Adimen=\dimen184
\calc@Bdimen=\dimen185
\calc@Askip=\skip191
\calc@Bskip=\skip192
LaTeX Info: Redefining \setlength on input line 75.
LaTeX Info: Redefining \addtolength on input line 76.
\calc@Ccount=\count175
\calc@Cskip=\skip193
)
(/usr/share/texmf-dist/tex/latex/hyperref/hyperref.sty
Package: hyperref 2012/11/06 v6.83m Hypertext links for LaTeX

(/usr/share/texmf-dist/tex/generic/oberdiek/hobsub-hyperref.sty
Package: hobsub-hyperref 2012/05/28 v1.13 Bundle oberdiek, subset hyperref (HO)


(/usr/share/texmf-dist/tex/generic/oberdiek/hobsub-generic.sty
Package: hobsub-generic 2012/05/28 v1.13 Bundle oberdiek, subset generic (HO)
Package: hobsub 2012/05/28 v1.13 Construct package bundles (HO)
Package: infwarerr 2010/04/08 v1.3 Providing info/warning/error messages (HO)
Package: ltxcmds 2011/11/09 v1.22 LaTeX kernel commands for general use (HO)
Package hobsub Info: Skipping package `ifluatex' (already loaded).
Package: ifvtex 2010/03/01 v1.5 Detect VTeX and its facilities (HO)
Package ifvtex Info: VTeX not detected.
Package: intcalc 2007/09/27 v1.1 Expandable calculations with integers (HO)
Package hobsub Info: Skipping package `ifpdf' (already loaded).
Package: etexcmds 2011/02/16 v1.5 Avoid name clashes with e-TeX commands (HO)
Package etexcmds Info: Could not find \expanded.
(etexcmds)             That can mean that you are not using pdfTeX 1.50 or
(etexcmds)             that some package has redefined \expanded.
(etexcmds)             In the latter case, load this package earlier.
Package: kvsetkeys 2012/04/25 v1.16 Key value parser (HO)
Package: kvdefinekeys 2011/04/07 v1.3 Define keys (HO)
Package: pdftexcmds 2011/11/29 v0.20 Utility functions of pdfTeX for LuaTeX (HO
)
Package pdftexcmds Info: LuaTeX not detected.
Package pdftexcmds Info: pdfTeX >= 1.30 not detected.
Package pdftexcmds Info: \pdf@primitive is available.
Package pdftexcmds Info: \pdf@ifprimitive is available.
Package pdftexcmds Info: \pdfdraftmode not found.
Package: pdfescape 2011/11/25 v1.13 Implements pdfTeX's escape features (HO)
Package: bigintcalc 2012/04/08 v1.3 Expandable calculations on big integers (HO
)
Package: bitset 2011/01/30 v1.1 Handle bit-vector datatype (HO)
Package: uniquecounter 2011/01/30 v1.2 Provide unlimited unique counter (HO)
)
Package hobsub Info: Skipping package `hobsub' (already loaded).
Package: letltxmacro 2010/09/02 v1.4 Let assignment for LaTeX macros (HO)
Package: hopatch 2012/05/28 v1.2 Wrapper for package hooks (HO)
Package: xcolor-patch 2011/01/30 xcolor patch
Package: atveryend 2011/06/30 v1.8 Hooks at the very end of document (HO)
Package atveryend Info: \enddocument detected (standard20110627).
Package: atbegshi 2011/10/05 v1.16 At begin shipout hook (HO)
Package: refcount 2011/10/16 v3.4 Data extraction from label references (HO)
Package: hycolor 2011/01/30 v1.7 Color options for hyperref/bookmark (HO)
)
(/usr/share/texmf-dist/tex/latex/oberdiek/auxhook.sty
Package: auxhook 2011/03/04 v1.3 Hooks for auxiliary files (HO)
)
(/usr/share/texmf-dist/tex/latex/oberdiek/kvoptions.sty
Package: kvoptions 2011/06/30 v3.11 Key value format for package options (HO)
)
\@linkdim=\dimen186
\Hy@linkcounter=\count176
\Hy@pagecounter=\count177

(/usr/share/texmf-dist/tex/latex/hyperref/pd1enc.def
File: pd1enc.def 2012/11/06 v6.83m Hyperref: PDFDocEncoding definition (HO)
)
\Hy@SavedSpaceFactor=\count178

(/usr/share/texmf-dist/tex/latex/latexconfig/hyperref.cfg
File: hyperref.cfg 2002/06/06 v1.2 hyperref configuration of TeXLive
)
Package hyperref Info: Hyper figures OFF on input line 4443.
Package hyperref Info: Link nesting OFF on input line 4448.
Package hyperref Info: Hyper index ON on input line 4451.
Package hyperref Info: Plain pages OFF on input line 4458.
Package hyperref Info: Backreferencing OFF on input line 4463.
Package hyperref Info: Implicit mode ON; LaTeX internals redefined.
Package hyperref Info: Bookmarks ON on input line 4688.
\c@Hy@tempcnt=\count179

(/usr/share/texmf-dist/tex/latex/url/url.sty
\Urlmuskip=\muskip16
Package: url 2013/09/16  ver 3.4  Verb mode for urls, etc.
)
LaTeX Info: Redefining \url on input line 5041.
\XeTeXLinkMargin=\dimen187
\Fld@menulength=\count180
\Field@Width=\dimen188
\Fld@charsize=\dimen189
Package hyperref Info: Hyper figures OFF on input line 6295.
Package hyperref Info: Link nesting OFF on input line 6300.
Package hyperref Info: Hyper index ON on input line 6303.
Package hyperref Info: backreferencing OFF on input line 6310.
Package hyperref Info: Link coloring OFF on input line 6315.
Package hyperref Info: Link coloring with OCG OFF on input line 6320.
Package hyperref Info: PDF/A mode OFF on input line 6325.
LaTeX Info: Redefining \ref on input line 6365.
LaTeX Info: Redefining \pageref on input line 6369.
\Hy@abspage=\count181
\c@Item=\count182
\c@Hfootnote=\count183
)
(/usr/share/texmf-dist/tex/latex/memoir/memhfixc.sty
Package: memhfixc 2013/05/30 v1.17 nameref/hyperref package fixes for memoir cl
ass
\c@memhycontfloat=\count184
\c@Hpagenote=\count185
)

Package hyperref Message: Driver: hxetex.

(/usr/share/texmf-dist/tex/latex/hyperref/hxetex.def
File: hxetex.def 2012/11/06 v6.83m Hyperref driver for XeTeX

(/usr/share/texmf-dist/tex/latex/hyperref/puenc.def
File: puenc.def 2012/11/06 v6.83m Hyperref: PDF Unicode definition (HO)
)
(/usr/share/texmf-dist/tex/generic/oberdiek/stringenc.sty
Package: stringenc 2011/12/02 v1.10 Convert strings between diff. encodings (HO
)
)
\pdfm@box=\box44
\c@Hy@AnnotLevel=\count186
\HyField@AnnotCount=\count187
\Fld@listcount=\count188
\c@bookmark@seq@number=\count189

(/usr/share/texmf-dist/tex/latex/oberdiek/rerunfilecheck.sty
Package: rerunfilecheck 2011/04/15 v1.7 Rerun checks for auxiliary files (HO)
Package rerunfilecheck Info: Feature \pdfmdfivesum is not available
(rerunfilecheck)             (e.g. pdfTeX or LuaTeX with package `pdftexcmds').

(rerunfilecheck)             Therefore file contents cannot be checked efficien
tly
(rerunfilecheck)             and the loading of the package is aborted.
)
\Hy@SectionHShift=\skip194
)
(/usr/share/texmf-dist/tex/latex/ctable/ctable.sty
Package: ctable 2014/04/25 v1.29 ctable package for \ flexible typesetting of t
able and figure floats using key/value directives

(/usr/share/texmf-dist/tex/latex/xcolor/xcolor.sty
Package: xcolor 2007/01/21 v2.11 LaTeX color extensions (UK)

(/usr/share/texmf-dist/tex/latex/latexconfig/color.cfg
File: color.cfg 2007/01/18 v1.5 color configuration of teTeX/TeXLive
)
Package xcolor Info: Driver file: xetex.def on input line 225.
Package xcolor Info: Model `cmy' substituted by `cmy0' on input line 1337.
Package xcolor Info: Model `RGB' extended on input line 1353.
Package xcolor Info: Model `HTML' substituted by `rgb' on input line 1355.
Package xcolor Info: Model `Hsb' substituted by `hsb' on input line 1356.
Package xcolor Info: Model `tHsb' substituted by `hsb' on input line 1357.
Package xcolor Info: Model `HSB' substituted by `hsb' on input line 1358.
Package xcolor Info: Model `Gray' substituted by `gray' on input line 1359.
Package xcolor Info: Model `wave' substituted by `hsb' on input line 1360.
)
(/usr/share/texmf-dist/tex/latex/xkeyval/xkeyval.sty
Package: xkeyval 2014/05/25 v2.7 package option processing (HA)

(/usr/share/texmf-dist/tex/generic/xkeyval/xkeyval.tex
(/usr/share/texmf-dist/tex/generic/xkeyval/xkvutils.tex
\XKV@toks=\toks28
\XKV@tempa@toks=\toks29
)
\XKV@depth=\count190
File: xkeyval.tex 2014/05/25 v2.7 key=value parser (HA)
))
(/usr/share/texmf-dist/tex/latex/rotating/rotating.sty
Package: rotating 2009/03/28 v2.16a rotated objects in LaTeX

(/usr/share/texmf-dist/tex/latex/base/ifthen.sty
Package: ifthen 2001/05/26 v1.1c Standard LaTeX ifthen package (DPC)
)
\c@r@tfl@t=\count191
\rotFPtop=\skip195
\rotFPbot=\skip196
\rot@float@box=\box45
\rot@mess@toks=\toks30
)

Package ctable Warning: 
(ctable)                Transparency disabled: pdfTeX is not running in PDF mod
e .

\@ctblframesep=\dimen190
\@defaultctblframesep=\dimen191
\@ctblframerule=\dimen192
\@defaultctblframerule=\dimen193
\@ctblwidth=\dimen194
\@defaultctblwidth=\dimen195
\@ctblcaptionskip=\dimen196
Normal \dimen register pool exhausted, switching to extended pool.
\@defaultctblcaptionskip=\dimen256
\@ctblmaxwidth=\dimen257
\@defaultctblmaxwidth=\dimen258
\@ctblmincapwidth=\dimen259
\@defaultctblmincapwidth=\dimen260
\@ctblfooterwidth=\dimen261
\@defaultctblfooterwidth=\dimen262
\@ctblw=\dimen263
\@ctblfloatwidth=\dimen264
\@ctbloldsep=\dimen265
\@ctbloldrule=\dimen266
\ctbl@t=\box46
\@ctblcurftwidth=\dimen267
) (/usr/share/texmf-dist/tex/latex/titlesec/titlesec.sty
Package: titlesec 2011/12/15 v2.10.0 Sectioning titles
\ttl@box=\box47
Normal \skip register pool exhausted, switching to extended pool.
\beforetitleunit=\skip256
\aftertitleunit=\skip257
\ttl@plus=\dimen268
\ttl@minus=\dimen269
\ttl@toksa=\toks31
\titlewidth=\dimen270
\titlewidthlast=\dimen271
\titlewidthfirst=\dimen272
)
(/usr/share/texmf-dist/tex/latex/float/float.sty
Package: float 2001/11/08 v1.3d Float enhancements (AL)
\c@float@type=\count192
\float@exts=\toks32
\float@box=\box48
\@float@everytoks=\toks33
\@floatcapt=\box49
)
(/usr/share/texmf-dist/tex/latex/morefloats/morefloats.sty
Package: morefloats 2012/01/28 v1.0f Raise limit of unprocessed floats (HMM; DH
)
Package morefloats Info: Maximum number of possible floats asked for: 36.
(morefloats)             LaTeX might run out of memory before this
(morefloats)             (in which case it will notify you).
(morefloats)              on input line 171.
\bx@S=\insert228
\bx@T=\insert227
\bx@U=\insert226
\bx@V=\insert225
\bx@W=\insert224
\bx@X=\insert223
\bx@Y=\insert222
\bx@Z=\insert221
\bx@AA=\insert220
\bx@AB=\insert219
\bx@AC=\insert218
\bx@AD=\insert217
\bx@AE=\insert216
\bx@AF=\insert215
\bx@AG=\insert214
\bx@AH=\insert213
\bx@AI=\insert212
\bx@AJ=\insert211
)
(/usr/share/texmf-dist/tex/latex/wrapfig/wrapfig.sty
\wrapoverhang=\dimen273
\WF@size=\dimen274
\c@WF@wrappedlines=\count193
\WF@box=\box50
\WF@everypar=\toks34
Package: wrapfig 2003/01/31  v 3.6
)
\g__file_internal_ior=\read2
\g__fontspec_family_LinuxLibertineO_int=\count194
.................................................
. fontspec info: "defining-font"
. 
. Font family 'LinuxLibertineO(0)' created for font 'Linux Libertine O' with
. options [Ligatures=TeX,Ligatures=TeX].
. 
. This font family consists of the following shapes:
. 
. * 'normal' with NFSS spec.:
. <->"Linux Libertine
. O/OT:script=latn;language=DFLT;mapping=tex-text;mapping=tex-text;"
. 
. * 'small caps' with NFSS spec.:
. <->"Linux Libertine
. O/OT:script=latn;language=DFLT;mapping=tex-text;mapping=tex-text;+smcp;"
. and font adjustment code:
. 
. 
. * 'bold' with NFSS spec.:
. <->"Linux Libertine
. O/B/OT:script=latn;language=DFLT;mapping=tex-text;mapping=tex-text;"
. 
. * 'bold small caps' with NFSS spec.:
. <->"Linux Libertine
. O/B/OT:script=latn;language=DFLT;mapping=tex-text;mapping=tex-text;+smcp;"
. and font adjustment code:
. 
. 
. * 'italic' with NFSS spec.:
. <->"Linux Libertine
. O/I/OT:script=latn;language=DFLT;mapping=tex-text;mapping=tex-text;"
. 
. * 'small caps' with NFSS spec.:
. <->"Linux Libertine
. O/I/OT:script=latn;language=DFLT;mapping=tex-text;mapping=tex-text;+smcp;"
. and font adjustment code:
. 
. 
. * 'bold italic' with NFSS spec.:
. <->"Linux Libertine
. O/BI/OT:script=latn;language=DFLT;mapping=tex-text;mapping=tex-text;"
. 
. * 'bold small caps' with NFSS spec.:
. <->"Linux Libertine
. O/BI/OT:script=latn;language=DFLT;mapping=tex-text;mapping=tex-text;+smcp;"
. and font adjustment code:
. 
.................................................
\g__fontspec_family_Lato_int=\count195
.................................................
. fontspec info: "defining-font"
. 
. Font family 'Lato(0)' created for font 'Lato' with options
. [Ligatures=TeX,Ligatures=TeX].
. 
. This font family consists of the following shapes:
. 
. * 'normal' with NFSS spec.:
. <->"Lato/OT:script=latn;language=DFLT;mapping=tex-text;mapping=tex-text;"
. 
. * 'small caps' with NFSS spec.:
. 
. and font adjustment code:
. 
. 
. * 'bold' with NFSS spec.:
. <->"Lato/B/OT:script=latn;language=DFLT;mapping=tex-text;mapping=tex-text;"
. 
. * 'bold small caps' with NFSS spec.:
. 
. and font adjustment code:
. 
. 
. * 'italic' with NFSS spec.:
. <->"Lato/I/OT:script=latn;language=DFLT;mapping=tex-text;mapping=tex-text;"
. 
. * 'small caps' with NFSS spec.:
. 
. and font adjustment code:
. 
. 
. * 'bold italic' with NFSS spec.:
. 
. <->"Lato/BI/OT:script=latn;language=DFLT;mapping=tex-text;mapping=tex-text;"
. 
. * 'bold small caps' with NFSS spec.:
. 
. and font adjustment code:
. 
.................................................
.................................................
. fontspec info: "defining-font"
. 
. Font family 'Lato(1)' created for font 'Lato' with options [Ligatures=TeX].
. 
. This font family consists of the following shapes:
. 
. * 'normal' with NFSS spec.:
. <->"Lato/OT:script=latn;language=DFLT;mapping=tex-text;"
. 
. * 'small caps' with NFSS spec.:
. 
. and font adjustment code:
. 
. 
. * 'bold' with NFSS spec.:
. <->"Lato/B/OT:script=latn;language=DFLT;mapping=tex-text;"
. 
. * 'bold small caps' with NFSS spec.:
. 
. and font adjustment code:
. 
. 
. * 'italic' with NFSS spec.:
. <->"Lato/I/OT:script=latn;language=DFLT;mapping=tex-text;"
. 
. * 'small caps' with NFSS spec.:
. 
. and font adjustment code:
. 
. 
. * 'bold italic' with NFSS spec.:
. <->"Lato/BI/OT:script=latn;language=DFLT;mapping=tex-text;"
. 
. * 'bold small caps' with NFSS spec.:
. 
. and font adjustment code:
. 
.................................................
LaTeX Info: Redefining \caption on input line 23.
\imgwidth=\skip258
\drop=\skip259

(/usr/share/texmf-dist/tex/latex/fancybox/fancybox.sty
Package: fancybox 2010/05/15 1.4

Style option: `fancybox' v1.4 <2010/05/15> (tvz)
\@fancybox=\box51
\shadowsize=\dimen275
\@Sbox=\box52
\do@VerbBox=\toks35
\the@fancyput=\toks36
\this@fancyput=\toks37
\EndVerbatimTokens=\toks38
\Verbatim@Outfile=\write4
\Verbatim@Infile=\read3
) (./01-using.aux)
\openout1 = `01-using.aux'.

LaTeX Font Info:    Checking defaults for OML/cmm/m/it on input line 109.
LaTeX Font Info:    ... okay on input line 109.
LaTeX Font Info:    Checking defaults for T1/cmr/m/n on input line 109.
LaTeX Font Info:    ... okay on input line 109.
LaTeX Font Info:    Checking defaults for OT1/cmr/m/n on input line 109.
LaTeX Font Info:    ... okay on input line 109.
LaTeX Font Info:    Checking defaults for OMS/cmsy/m/n on input line 109.
LaTeX Font Info:    ... okay on input line 109.
LaTeX Font Info:    Checking defaults for OMX/cmex/m/n on input line 109.
LaTeX Font Info:    ... okay on input line 109.
LaTeX Font Info:    Checking defaults for U/cmr/m/n on input line 109.
LaTeX Font Info:    ... okay on input line 109.
LaTeX Font Info:    Checking defaults for EU1/lmr/m/n on input line 109.
LaTeX Font Info:    ... okay on input line 109.
LaTeX Font Info:    Checking defaults for T3/cmr/m/n on input line 109.
LaTeX Font Info:    Try loading font information for T3+cmr on input line 109.
 (/usr/share/texmf-dist/tex/latex/tipa/t3cmr.fd
File: t3cmr.fd 2001/12/31 TIPA font definitions
)
LaTeX Font Info:    ... okay on input line 109.
LaTeX Font Info:    Checking defaults for PD1/pdf/m/n on input line 109.
LaTeX Font Info:    ... okay on input line 109.
LaTeX Font Info:    Checking defaults for PU/pdf/m/n on input line 109.
LaTeX Font Info:    ... okay on input line 109.

(/usr/share/texmf-dist/tex/latex/ucs/ucsencs.def
File: ucsencs.def 2011/01/21 Fixes to fontencodings LGR, T3
T3\textscriptg already defined.

fontencoding T3 patched
)
.................................................
. fontspec info: "setup-math"
. 
. Adjusting the maths setup (use [no-math] to avoid this).
.................................................
\symlegacymaths=\mathgroup4
LaTeX Font Info:    Overwriting symbol font `legacymaths' in version `bold'
(Font)                  OT1/cmr/m/n --> OT1/cmr/bx/n on input line 109.
LaTeX Font Info:    Redeclaring math accent \acute on input line 109.
LaTeX Font Info:    Redeclaring math accent \grave on input line 109.
LaTeX Font Info:    Redeclaring math accent \ddot on input line 109.
LaTeX Font Info:    Redeclaring math accent \tilde on input line 109.
LaTeX Font Info:    Redeclaring math accent \bar on input line 109.
LaTeX Font Info:    Redeclaring math accent \breve on input line 109.
LaTeX Font Info:    Redeclaring math accent \check on input line 109.
LaTeX Font Info:    Redeclaring math accent \hat on input line 109.
LaTeX Font Info:    Redeclaring math accent \dot on input line 109.
LaTeX Font Info:    Redeclaring math accent \mathring on input line 109.
LaTeX Font Info:    Redeclaring math symbol \colon on input line 109.
LaTeX Font Info:    Redeclaring math symbol \Gamma on input line 109.
LaTeX Font Info:    Redeclaring math symbol \Delta on input line 109.
LaTeX Font Info:    Redeclaring math symbol \Theta on input line 109.
LaTeX Font Info:    Redeclaring math symbol \Lambda on input line 109.
LaTeX Font Info:    Redeclaring math symbol \Xi on input line 109.
LaTeX Font Info:    Redeclaring math symbol \Pi on input line 109.
LaTeX Font Info:    Redeclaring math symbol \Sigma on input line 109.
LaTeX Font Info:    Redeclaring math symbol \Upsilon on input line 109.
LaTeX Font Info:    Redeclaring math symbol \Phi on input line 109.
LaTeX Font Info:    Redeclaring math symbol \Psi on input line 109.
LaTeX Font Info:    Redeclaring math symbol \Omega on input line 109.
LaTeX Font Info:    Redeclaring math symbol \mathdollar on input line 109.
LaTeX Font Info:    Redeclaring symbol font `operators' on input line 109.
LaTeX Font Info:    Encoding `OT1' has changed to `EU1' for symbol font
(Font)              `operators' in the math version `normal' on input line 109.

LaTeX Font Info:    Overwriting symbol font `operators' in version `normal'
(Font)                  OT1/cmr/m/n --> EU1/LinuxLibertineO(0)/m/n on input lin
e 109.
LaTeX Font Info:    Encoding `OT1' has changed to `EU1' for symbol font
(Font)              `operators' in the math version `bold' on input line 109.
LaTeX Font Info:    Overwriting symbol font `operators' in version `bold'
(Font)                  OT1/cmr/bx/n --> EU1/LinuxLibertineO(0)/m/n on input li
ne 109.
LaTeX Font Info:    Overwriting symbol font `operators' in version `normal'
(Font)                  EU1/LinuxLibertineO(0)/m/n --> EU1/LinuxLibertineO(0)/m
/n on input line 109.
LaTeX Font Info:    Overwriting math alphabet `\mathit' in version `normal'
(Font)                  OT1/cmr/m/it --> EU1/LinuxLibertineO(0)/m/it on input l
ine 109.
LaTeX Font Info:    Overwriting math alphabet `\mathbf' in version `normal'
(Font)                  OT1/cmr/bx/n --> EU1/LinuxLibertineO(0)/bx/n on input l
ine 109.
LaTeX Font Info:    Overwriting math alphabet `\mathsf' in version `normal'
(Font)                  OT1/cmss/m/n --> EU1/Lato(0)/m/n on input line 109.
LaTeX Font Info:    Overwriting math alphabet `\mathtt' in version `normal'
(Font)                  OT1/cmtt/m/n --> EU1/lmtt/m/n on input line 109.
LaTeX Font Info:    Overwriting symbol font `operators' in version `bold'
(Font)                  EU1/LinuxLibertineO(0)/m/n --> EU1/LinuxLibertineO(0)/b
x/n on input line 109.
LaTeX Font Info:    Overwriting math alphabet `\mathit' in version `bold'
(Font)                  OT1/cmr/bx/it --> EU1/LinuxLibertineO(0)/bx/it on input
 line 109.
LaTeX Font Info:    Overwriting math alphabet `\mathsf' in version `bold'
(Font)                  OT1/cmss/bx/n --> EU1/Lato(0)/bx/n on input line 109.
LaTeX Font Info:    Overwriting math alphabet `\mathtt' in version `bold'
(Font)                  OT1/cmtt/m/n --> EU1/lmtt/bx/n on input line 109.
\AtBeginShipoutBox=\box53
Package hyperref Info: Link coloring OFF on input line 109.
 (/usr/share/texmf-dist/tex/latex/hyperref/nameref.sty
Package: nameref 2012/10/27 v2.43 Cross-referencing by name of section

(/usr/share/texmf-dist/tex/generic/oberdiek/gettitlestring.sty
Package: gettitlestring 2010/12/03 v1.4 Cleanup title references (HO)
)
\c@section@level=\count196
)
Redoing nameref's sectioning
Redoing nameref's label
LaTeX Info: Redefining \nameref on input line 109.
LaTeX Info: Redefining \ref on input line 109.
LaTeX Info: Redefining \pageref on input line 109.
LaTeX Info: Redefining \nameref on input line 109.
(./01-using.out) (./01-using.out)
\@outlinefile=\write5
\openout5 = `01-using.out'.


Underfull \hbox (badness 10000) in paragraph at lines 113--113

 []

(/usr/share/texmf-dist/tex/generic/oberdiek/se-ascii-print.def
File: se-ascii-print.def 2011/12/02 v1.10 stringenc: Printable ASCII characters

) [1

]

LaTeX Warning: File `../../images/creative-commons-88x31.png' not found on inpu
t line 124.

! Unable to load picture or PDF file '../../images/creative-commons-88x31.png'.
<to be read again> 
                   }
l.124 ...{../../images/creative-commons-88x31.png}
                                                  
? quit
OK, entering \batchmode...
File: ../../images/creative-commons-88x31.png Graphic file (type QTm)
 <use  "../../images/creative-commons-88x31.png" >
! Unable to load picture or PDF file '../../images/creative-commons-88x31.png'.
<to be read again> 
                   \GXT@clipend 
l.124 ...{../../images/creative-commons-88x31.png}
                                                  
The requested image couldn't be read because
it was not a recognized image format.


LaTeX Warning: File `../../images/creative-commons-88x31.png' not found on inpu
t line 124.

! Unable to load picture or PDF file '../../images/creative-commons-88x31.png'.
<to be read again> 
                   }
l.124 ...{../../images/creative-commons-88x31.png}
                                                  
The requested image couldn't be read because
it was not a recognized image format.


! Package graphics Error: Division by 0.

See the graphics package documentation for explanation.
Type  H <return>  for immediate help.
 ...                                              
                                                  
l.124 ...{../../images/creative-commons-88x31.png}
                                                  
Your command was ignored.
Type  I <command> <return>  to replace it with another command,
or  <return>  to continue without it.

File: ../../images/creative-commons-88x31.png Graphic file (type QTm)
 <use  "../../images/creative-commons-88x31.png" >
! Unable to load picture or PDF file '../../images/creative-commons-88x31.png'.
<to be read again> 
                   \GXT@clipend 
l.124 ...{../../images/creative-commons-88x31.png}
                                                  
The requested image couldn't be read because
it was not a recognized image format.

 [2] (./01-using.toc
LaTeX Font Info:    External font `cmex10' loaded for size
(Font)              <9> on input line 2.
LaTeX Font Info:    External font `cmex10' loaded for size
(Font)              <6> on input line 2.
LaTeX Font Info:    External font `cmex10' loaded for size
(Font)              <5> on input line 2.
) [1


]
\tf@toc=\write6
\openout6 = `01-using.toc'.

Package atveryend Info: Empty hook `BeforeClearDocument' on input line 164.
Package atveryend Info: Empty hook `AfterLastShipout' on input line 164.
 (./01-using.aux)
Package atveryend Info: Empty hook `AtVeryEndDocument' on input line 164.
Package atveryend Info: Empty hook `AtEndAfterFileList' on input line 164.
Package atveryend Info: Empty hook `AtVeryVeryEnd' on input line 164.
 ) 
Here is how much of TeX's memory you used:
 25706 strings out of 493725
 453967 string characters out of 6151043
 539135 words of memory out of 5000000
 28823 multiletter control sequences out of 15000+600000
 6973 words of font info for 50 fonts, out of 8000000 for 9000
 1328 hyphenation exceptions out of 8191
 52i,11n,60p,10380b,339s stack positions out of 5000i,500n,10000p,200000b,80000s

Output written on 01-using.pdf (3 pages).
